# JRE version: Java(TM) SE Runtime Environment (8.0_261-b12) (build 1.8.0_261-b12)
# Java VM: Java HotSpot(TM) 64-Bit Server VM (25.261-b12 mixed mode windows-amd64 compressed oops)
Heap:
 PSYoungGen      total 27648K, used 15185K [0x00000000eb180000, 0x00000000ee100000, 0x0000000100000000)
  eden space 16384K, 92% used [0x00000000eb180000,0x00000000ec054500,0x00000000ec180000)
  from space 11264K, 0% used [0x00000000ece00000,0x00000000ece00000,0x00000000ed900000)
  to   space 12800K, 0% used [0x00000000ec180000,0x00000000ec180000,0x00000000ece00000)
 ParOldGen       total 27648K, used 27331K [0x00000000c1400000, 0x00000000c2f00000, 0x00000000eb180000)
  object space 27648K, 98% used [0x00000000c1400000,0x00000000c2eb0dd8,0x00000000c2f00000)
 Metaspace       used 25302K, capacity 25621K, committed 25984K, reserved 1073152K
  class space    used 2546K, capacity 2648K, committed 2688K, reserved 1048576K
GC Heap History (10 events):
Event: 67.245 GC heap before
{Heap before GC invocations=22 (full 1):
 PSYoungGen      total 27648K, used 26498K [0x00000000eb180000, 0x00000000ee100000, 0x0000000100000000)
  eden space 16384K, 98% used [0x00000000eb180000,0x00000000ec14c5b8,0x00000000ec180000)
  from space 11264K, 91% used [0x00000000ece00000,0x00000000ed814280,0x00000000ed900000)
  to   space 12800K, 0% used [0x00000000ec180000,0x00000000ec180000,0x00000000ece00000)
 ParOldGen       total 27648K, used 21910K [0x00000000c1400000, 0x00000000c2f00000, 0x00000000eb180000)
  object space 27648K, 79% used [0x00000000c1400000,0x00000000c29658d0,0x00000000c2f00000)
 Metaspace       used 25286K, capacity 25649K, committed 25984K, reserved 1073152K
  class space    used 2546K, capacity 2656K, committed 2688K, reserved 1048576K
Event: 67.252 GC heap after
Heap after GC invocations=22 (full 1):
 PSYoungGen      total 29184K, used 12768K [0x00000000eb180000, 0x00000000ee100000, 0x0000000100000000)
  eden space 16384K, 0% used [0x00000000eb180000,0x00000000eb180000,0x00000000ec180000)
  from space 12800K, 99% used [0x00000000ec180000,0x00000000ecdf8340,0x00000000ece00000)
  to   space 11264K, 0% used [0x00000000ece00000,0x00000000ece00000,0x00000000ed900000)
 ParOldGen       total 27648K, used 23246K [0x00000000c1400000, 0x00000000c2f00000, 0x00000000eb180000)
  object space 27648K, 84% used [0x00000000c1400000,0x00000000c2ab3920,0x00000000c2f00000)
 Metaspace       used 25286K, capacity 25649K, committed 25984K, reserved 1073152K
  class space    used 2546K, capacity 2656K, committed 2688K, reserved 1048576K
}
Event: 68.921 GC heap before
{Heap before GC invocations=23 (full 1):
 PSYoungGen      total 29184K, used 29152K [0x00000000eb180000, 0x00000000ee100000, 0x0000000100000000)
  eden space 16384K, 100% used [0x00000000eb180000,0x00000000ec180000,0x00000000ec180000)
  from space 12800K, 99% used [0x00000000ec180000,0x00000000ecdf8340,0x00000000ece00000)
  to   space 11264K, 0% used [0x00000000ece00000,0x00000000ece00000,0x00000000ed900000)
 ParOldGen       total 27648K, used 23246K [0x00000000c1400000, 0x00000000c2f00000, 0x00000000eb180000)
  object space 27648K, 84% used [0x00000000c1400000,0x00000000c2ab3920,0x00000000c2f00000)
 Metaspace       used 25301K, capacity 25649K, committed 25984K, reserved 1073152K
  class space    used 2550K, capacity 2656K, committed 2688K, reserved 1048576K
Event: 68.929 GC heap after
Heap after GC invocations=23 (full 1):
 PSYoungGen      total 27648K, used 10144K [0x00000000eb180000, 0x00000000ee100000, 0x0000000100000000)
  eden space 16384K, 0% used [0x00000000eb180000,0x00000000eb180000,0x00000000ec180000)
  from space 11264K, 90% used [0x00000000ece00000,0x00000000ed7e8270,0x00000000ed900000)
  to   space 12800K, 0% used [0x00000000ec180000,0x00000000ec180000,0x00000000ece00000)
 ParOldGen       total 27648K, used 25494K [0x00000000c1400000, 0x00000000c2f00000, 0x00000000eb180000)
  object space 27648K, 92% used [0x00000000c1400000,0x00000000c2ce5a60,0x00000000c2f00000)
 Metaspace       used 25301K, capacity 25649K, committed 25984K, reserved 1073152K
  class space    used 2550K, capacity 2656K, committed 2688K, reserved 1048576K
}
Event: 68.929 GC heap before
{Heap before GC invocations=24 (full 2):
 PSYoungGen      total 27648K, used 10144K [0x00000000eb180000, 0x00000000ee100000, 0x0000000100000000)
  eden space 16384K, 0% used [0x00000000eb180000,0x00000000eb180000,0x00000000ec180000)
  from space 11264K, 90% used [0x00000000ece00000,0x00000000ed7e8270,0x00000000ed900000)
  to   space 12800K, 0% used [0x00000000ec180000,0x00000000ec180000,0x00000000ece00000)
 ParOldGen       total 27648K, used 25494K [0x00000000c1400000, 0x00000000c2f00000, 0x00000000eb180000)
  object space 27648K, 92% used [0x00000000c1400000,0x00000000c2ce5a60,0x00000000c2f00000)
 Metaspace       used 25301K, capacity 25649K, committed 25984K, reserved 1073152K
  class space    used 2550K, capacity 2656K, committed 2688K, reserved 1048576K
Event: 69.116 GC heap after
Heap after GC invocations=24 (full 2):
 PSYoungGen      total 27648K, used 4868K [0x00000000eb180000, 0x00000000ee100000, 0x0000000100000000)
  eden space 16384K, 0% used [0x00000000eb180000,0x00000000eb180000,0x00000000ec180000)
  from space 11264K, 43% used [0x00000000ece00000,0x00000000ed2c1230,0x00000000ed900000)
  to   space 12800K, 0% used [0x00000000ec180000,0x00000000ec180000,0x00000000ece00000)
 ParOldGen       total 27648K, used 27194K [0x00000000c1400000, 0x00000000c2f00000, 0x00000000eb180000)
  object space 27648K, 98% used [0x00000000c1400000,0x00000000c2e8eac8,0x00000000c2f00000)
 Metaspace       used 25288K, capacity 25621K, committed 25984K, reserved 1073152K
  class space    used 2545K, capacity 2648K, committed 2688K, reserved 1048576K
}
Event: 70.541 GC heap before
{Heap before GC invocations=25 (full 3):
 PSYoungGen      total 27648K, used 21179K [0x00000000eb180000, 0x00000000ee100000, 0x0000000100000000)
  eden space 16384K, 99% used [0x00000000eb180000,0x00000000ec16da00,0x00000000ec180000)
  from space 11264K, 43% used [0x00000000ece00000,0x00000000ed2c1230,0x00000000ed900000)
  to   space 12800K, 0% used [0x00000000ec180000,0x00000000ec180000,0x00000000ece00000)
 ParOldGen       total 27648K, used 27194K [0x00000000c1400000, 0x00000000c2f00000, 0x00000000eb180000)
  object space 27648K, 98% used [0x00000000c1400000,0x00000000c2e8eac8,0x00000000c2f00000)
 Metaspace       used 25290K, capacity 25621K, committed 25984K, reserved 1073152K
  class space    used 2546K, capacity 2648K, committed 2688K, reserved 1048576K
Event: 70.683 GC heap after
Heap after GC invocations=25 (full 3):
 PSYoungGen      total 27648K, used 5123K [0x00000000eb180000, 0x00000000ee100000, 0x0000000100000000)
  eden space 16384K, 31% used [0x00000000eb180000,0x00000000eb680ea0,0x00000000ec180000)
  from space 11264K, 0% used [0x00000000ece00000,0x00000000ece00000,0x00000000ed900000)
  to   space 12800K, 0% used [0x00000000ec180000,0x00000000ec180000,0x00000000ece00000)
 ParOldGen       total 27648K, used 27595K [0x00000000c1400000, 0x00000000c2f00000, 0x00000000eb180000)
  object space 27648K, 99% used [0x00000000c1400000,0x00000000c2ef2f08,0x00000000c2f00000)
 Metaspace       used 25290K, capacity 25621K, committed 25984K, reserved 1073152K
  class space    used 2546K, capacity 2648K, committed 2688K, reserved 1048576K
}
Event: 70.971 GC heap before
{Heap before GC invocations=26 (full 4):
 PSYoungGen      total 27648K, used 16226K [0x00000000eb180000, 0x00000000ee100000, 0x0000000100000000)
  eden space 16384K, 99% used [0x00000000eb180000,0x00000000ec1588f0,0x00000000ec180000)
  from space 11264K, 0% used [0x00000000ece00000,0x00000000ece00000,0x00000000ed900000)
  to   space 12800K, 0% used [0x00000000ec180000,0x00000000ec180000,0x00000000ece00000)
 ParOldGen       total 27648K, used 27595K [0x00000000c1400000, 0x00000000c2f00000, 0x00000000eb180000)
  object space 27648K, 99% used [0x00000000c1400000,0x00000000c2ef2f08,0x00000000c2f00000)
 Metaspace       used 25299K, capacity 25621K, committed 25984K, reserved 1073152K
  class space    used 2546K, capacity 2648K, committed 2688K, reserved 1048576K
Event: 71.019 GC heap after
Heap after GC invocations=26 (full 4):
 PSYoungGen      total 27648K, used 7742K [0x00000000eb180000, 0x00000000ee100000, 0x0000000100000000)
  eden space 16384K, 47% used [0x00000000eb180000,0x00000000eb90f880,0x00000000ec180000)
  from space 11264K, 0% used [0x00000000ece00000,0x00000000ece00000,0x00000000ed900000)
  to   space 12800K, 0% used [0x00000000ec180000,0x00000000ec180000,0x00000000ece00000)
 ParOldGen       total 27648K, used 27331K [0x00000000c1400000, 0x00000000c2f00000, 0x00000000eb180000)
  object space 27648K, 98% used [0x00000000c1400000,0x00000000c2eb0dd8,0x00000000c2f00000)
 Metaspace       used 25299K, capacity 25621K, committed 25984K, reserved 1073152K
  class space    used 2546K, capacity 2648K, committed 2688K, reserved 1048576K
}

